<?xml version="1.0" encoding="UTF-8"?>
<!-- Generated by org.testng.reporters.JUnitReportReporter -->
<testsuite hostname="DESKTOP-VMLR7DK" failures="0" tests="5" name="testngPack.TEsng8" time="0.039" errors="0" timestamp="2023-09-01T11:00:15 IST" skipped="0">
  <testcase classname="testngPack.TEsng8" name="test2" time="0.004"/>
  <system-out/>
  <testcase classname="testngPack.TEsng8" name="test2" time="0.016"/>
  <system-out/>
  <testcase classname="testngPack.TEsng8" name="test1" time="0.009"/>
  <system-out/>
  <testcase classname="testngPack.TEsng8" name="test3" time="0.006"/>
  <system-out/>
  <testcase classname="testngPack.TEsng8" name="test1" time="0.004"/>
  <system-out/>
</testsuite> <!-- testngPack.TEsng8 -->
