<?xml version="1.0" encoding="UTF-8"?>
<!-- Generated by org.testng.reporters.JUnitReportReporter -->
<testsuite hostname="DESKTOP-VMLR7DK" failures="0" tests="2" name="testngPack.Testng11" time="5.042" errors="0" timestamp="2023-09-01T11:17:06 IST" skipped="0">
  <testcase classname="testngPack.Testng11" name="test1" time="0.020"/>
  <system-out/>
  <testcase classname="testngPack.Testng11" name="test2" time="5.022"/>
  <system-out/>
</testsuite> <!-- testngPack.Testng11 -->
