<?xml version="1.0" encoding="UTF-8"?>
<!-- Generated by org.testng.reporters.JUnitReportReporter -->
<testsuite hostname="DESKTOP-VMLR7DK" failures="0" tests="1" name="com.saucedemo.POMPack.TC3_VerifyBagProductAddToCartFunctionality" time="50.036" errors="0" timestamp="2023-09-01T18:33:13 IST" skipped="0">
  <testcase classname="com.saucedemo.POMPack.TC3_VerifyBagProductAddToCartFunctionality" name="verifyBagProductAddToCartFunctionality" time="50.036"/>
  <system-out/>
</testsuite> <!-- com.saucedemo.POMPack.TC3_VerifyBagProductAddToCartFunctionality -->
