<?xml version="1.0" encoding="UTF-8"?>
<!-- Generated by org.testng.reporters.JUnitReportReporter -->
<testsuite hostname="DESKTOP-VMLR7DK" failures="0" tests="2" name="testngPack.TestNG1stClass" time="0.018" errors="0" timestamp="2023-09-01T09:25:46 IST" skipped="0">
  <testcase classname="testngPack.TestNG1stClass" name="method1" time="0.016"/>
  <system-out/>
  <testcase classname="testngPack.TestNG1stClass" name="method2" time="0.002"/>
  <system-out/>
</testsuite> <!-- testngPack.TestNG1stClass -->
