<?xml version="1.0" encoding="UTF-8"?>
<!-- Generated by org.testng.reporters.JUnitReportReporter -->
<testsuite hostname="DESKTOP-VMLR7DK" failures="0" tests="5" name="testngPack.Testng6" time="0.040" errors="0" timestamp="2023-09-01T10:45:41 IST" skipped="0">
  <testcase classname="testngPack.Testng6" name="test3" time="0.023"/>
  <system-out/>
  <testcase classname="testngPack.Testng6" name="test4" time="0.005"/>
  <system-out/>
  <testcase classname="testngPack.Testng6" name="test1" time="0.006"/>
  <system-out/>
  <testcase classname="testngPack.Testng6" name="test5" time="0.003"/>
  <system-out/>
  <testcase classname="testngPack.Testng6" name="test2" time="0.003"/>
  <system-out/>
</testsuite> <!-- testngPack.Testng6 -->
