<?xml version="1.0" encoding="UTF-8"?>
<!-- Generated by org.testng.reporters.JUnitReportReporter -->
<testsuite hostname="DESKTOP-VMLR7DK" failures="0" tests="5" name="testngPack.Tesng9" time="0.017" errors="0" timestamp="2023-09-01T11:03:46 IST" skipped="4">
  <testcase classname="testngPack.Tesng9" name="test3" time="0.017"/>
  <system-out/>
  <testcase classname="testngPack.Tesng9" name="test1">
    <skipped/>
  </testcase> <!-- test1 -->
  <system-out/>
  <testcase classname="testngPack.Tesng9" name="test2">
    <skipped/>
  </testcase> <!-- test2 -->
  <system-out/>
  <testcase classname="testngPack.Tesng9" name="test4">
    <skipped/>
  </testcase> <!-- test4 -->
  <system-out/>
  <testcase classname="testngPack.Tesng9" name="test5">
    <skipped/>
  </testcase> <!-- test5 -->
  <system-out/>
</testsuite> <!-- testngPack.Tesng9 -->
