<?xml version="1.0" encoding="UTF-8"?>
<!-- Generated by org.testng.reporters.JUnitReportReporter -->
<testsuite hostname="DESKTOP-VMLR7DK" failures="0" tests="5" name="testngPack.TestNg5" time="0.041" errors="0" timestamp="2023-09-01T10:43:49 IST" skipped="0">
  <testcase classname="testngPack.TestNg5" name="test5" time="0.022"/>
  <system-out/>
  <testcase classname="testngPack.TestNg5" name="test4" time="0.004"/>
  <system-out/>
  <testcase classname="testngPack.TestNg5" name="test3" time="0.007"/>
  <system-out/>
  <testcase classname="testngPack.TestNg5" name="test2" time="0.005"/>
  <system-out/>
  <testcase classname="testngPack.TestNg5" name="test1" time="0.003"/>
  <system-out/>
</testsuite> <!-- testngPack.TestNg5 -->
