<?xml version="1.0" encoding="UTF-8"?>
<!-- Generated by org.testng.reporters.JUnitReportReporter -->
<testsuite hostname="DESKTOP-VMLR7DK" failures="0" tests="1" name="testngPack.Testng2" time="0.026" errors="0" timestamp="2023-09-01T09:28:31 IST" skipped="0">
  <testcase classname="testngPack.Testng2" name="verifyLoginFunctionality" time="0.026"/>
  <system-out/>
</testsuite> <!-- testngPack.Testng2 -->
