<?xml version="1.0" encoding="UTF-8"?>
<!-- Generated by org.testng.reporters.JUnitReportReporter -->
<testsuite hostname="DESKTOP-VMLR7DK" failures="0" tests="1" name="com.saucedemo.TestPack.TC4_VerfiyAllProductsAddToCartFunctionality" time="8.477" errors="0" timestamp="2023-09-04T19:52:26 IST" skipped="0">
  <testcase classname="com.saucedemo.TestPack.TC4_VerfiyAllProductsAddToCartFunctionality" name="verifyAllProductProductAddToCartFunctionality" time="8.477"/>
  <system-out/>
</testsuite> <!-- com.saucedemo.TestPack.TC4_VerfiyAllProductsAddToCartFunctionality -->
