<?xml version="1.0" encoding="UTF-8"?>
<!-- Generated by org.testng.reporters.JUnitReportReporter -->
<testsuite hostname="DESKTOP-VMLR7DK" failures="0" tests="7" name="testngPack.Testng7" time="0.040" errors="0" timestamp="2023-09-01T10:55:53 IST" skipped="0">
  <testcase classname="testngPack.Testng7" name="test2" time="0.002"/>
  <system-out/>
  <testcase classname="testngPack.Testng7" name="test1" time="0.006"/>
  <system-out/>
  <testcase classname="testngPack.Testng7" name="test1" time="0.001"/>
  <system-out/>
  <testcase classname="testngPack.Testng7" name="test1" time="0.018"/>
  <system-out/>
  <testcase classname="testngPack.Testng7" name="test1" time="0.002"/>
  <system-out/>
  <testcase classname="testngPack.Testng7" name="test2" time="0.004"/>
  <system-out/>
  <testcase classname="testngPack.Testng7" name="test1" time="0.007"/>
  <system-out/>
</testsuite> <!-- testngPack.Testng7 -->
