<?xml version="1.0" encoding="UTF-8"?>
<!-- Generated by org.testng.reporters.JUnitReportReporter -->
<testsuite hostname="DESKTOP-VMLR7DK" failures="0" tests="1" name="com.saucedemo.POMPack.TC1_VerfiyLoginFunctionality" time="23.873" errors="0" timestamp="2023-09-02T12:54:15 IST" skipped="0">
  <testcase classname="com.saucedemo.POMPack.TC1_VerfiyLoginFunctionality" name="verifyLoginFunctionality" time="23.873"/>
  <system-out/>
</testsuite> <!-- com.saucedemo.POMPack.TC1_VerfiyLoginFunctionality -->
