<?xml version="1.0" encoding="UTF-8"?>
<!-- Generated by org.testng.reporters.JUnitReportReporter -->
<testsuite hostname="DESKTOP-VMLR7DK" failures="0" tests="2" name="testngPack.TEstnG4" time="0.016" errors="0" timestamp="2023-09-01T10:31:27 IST" skipped="0">
  <testcase classname="testngPack.TEstnG4" name="logOutTest" time="0.011"/>
  <system-out/>
  <testcase classname="testngPack.TEstnG4" name="loginTest" time="0.005"/>
  <system-out/>
</testsuite> <!-- testngPack.TEstnG4 -->
