<?xml version="1.0" encoding="UTF-8"?>
<!-- Generated by org.testng.reporters.JUnitReportReporter -->
<testsuite hostname="DESKTOP-VMLR7DK" failures="0" tests="2" name="testngPack.Testng10" time="0.029" errors="0" timestamp="2023-09-01T11:08:49 IST" skipped="0">
  <testcase classname="testngPack.Testng10" name="loginTest" time="0.025"/>
  <system-out/>
  <testcase classname="testngPack.Testng10" name="addToCart" time="0.004"/>
  <system-out/>
</testsuite> <!-- testngPack.Testng10 -->
