<?xml version="1.0" encoding="UTF-8"?>
<!-- Generated by org.testng.reporters.JUnitReportReporter -->
<testsuite hostname="DESKTOP-VMLR7DK" failures="0" tests="2" name="testngPack.TestNg3" time="0.029" errors="0" timestamp="2023-09-01T09:45:47 IST" skipped="0">
  <testcase classname="testngPack.TestNg3" name="verifyLoginFunctionality" time="0.004"/>
  <system-out/>
  <testcase classname="testngPack.TestNg3" name="verifyLogOutFunctionality" time="0.025"/>
  <system-out/>
</testsuite> <!-- testngPack.TestNg3 -->
